

Microchip MPLAB XC8 Assembler V2.46 build 20240104201356 
                                                                                               Tue May 21 22:14:00 2024

Microchip MPLAB XC8 C Compiler v2.46 (Free license) build 20240104201356 Og1 
     1                           	processor	18F46K22
     2                           	fnconf	rparam,??,?,0
     3                           	pagewidth 120
     4                           	opt	flic
     5                           	psect	cinit,global,reloc=2,class=CODE,delta=1
     6                           	psect	cstackCOMRAM,global,class=COMRAM,space=1,delta=1,lowdata,noexec
     7                           	psect	text0,global,reloc=2,class=CODE,delta=1
     8                           	psect	smallconst,global,reloc=2,class=SMALLCONST,delta=1,noexec
     9                           	psect	intsave_regs,global,class=BIGRAM,space=1,delta=1,noexec
    10                           	psect	rparam,global,class=COMRAM,space=1,delta=1,noexec
    11                           	psect	idloc,global,abs,ovrld,class=IDLOC,space=5,delta=1,noexec
    12                           	psect	config,global,abs,ovrld,class=CONFIG,space=4,delta=1,noexec
    13   000000                     
    14                           ; Generated 06/04/2022 GMT
    15                           ; 
    16                           ; Copyright © 2022, Microchip Technology Inc. and its subsidiaries ("Microchip")
    17                           ; All rights reserved.
    18                           ; 
    19                           ; This software is developed by Microchip Technology Inc. and its subsidiaries ("Microch
      +                          ip").
    20                           ; 
    21                           ; Redistribution and use in source and binary forms, with or without modification, are
    22                           ; permitted provided that the following conditions are met:
    23                           ; 
    24                           ;     1. Redistributions of source code must retain the above copyright notice, this lis
      +                          t of
    25                           ;        conditions and the following disclaimer.
    26                           ; 
    27                           ;     2. Redistributions in binary form must reproduce the above copyright notice, this 
      +                          list
    28                           ;        of conditions and the following disclaimer in the documentation and/or other
    29                           ;        materials provided with the distribution. Publication is not required when
    30                           ;        this file is used in an embedded application.
    31                           ; 
    32                           ;     3. Microchip's name may not be used to endorse or promote products derived from th
      +                          is
    33                           ;        software without specific prior written permission.
    34                           ; 
    35                           ; THIS SOFTWARE IS PROVIDED BY MICROCHIP "AS IS" AND ANY EXPRESS OR IMPLIED WARRANTIES,
    36                           ; INCLUDING, BUT NOT LIMITED TO, THE IMPLIED WARRANTIES OF MERCHANTABILITY AND FITNESS F
      +                          OR
    37                           ; PURPOSE ARE DISCLAIMED.  IN NO EVENT SHALL MICROCHIP BE LIABLE FOR ANY DIRECT, INDIREC
      +                          T,
    38                           ; INCIDENTAL, SPECIAL, EXEMPLARY, OR CONSEQUENTIAL DAMAGES (INCLUDING BUT NOT LIMITED TO
    39                           ; PROCUREMENT OF SUBSTITUTE GOODS OR SERVICES; LOSS OF USE, DATA OR PROFITS; OR BUSINESS
    40                           ; INTERRUPTION) HOWSOEVER CAUSED AND ON ANY THEORY OF LIABILITY, WHETHER IN CONTRACT, ST
      +                          RICT
    41                           ; LIABILITY, OR TORT (INCLUDING NEGLIGENCE OR OTHERWISE) ARISING IN ANY WAY OUT OF THE U
      +                          SE OF
    42                           ; THIS SOFTWARE, EVEN IF ADVISED OF THE POSSIBILITY OF SUCH DAMAGE.
    43                           ; 
    44                           ; 
    45                           ; Code-generator required, PIC18F46K22 Definitions
    46                           ; 
    47                           ; SFR Addresses
    48   000000                     _ANSELD	set	3899
    49   000000                     _ANSELA	set	3896
    50   000000                     _TRISA	set	3986
    51   000000                     _TRISD	set	3989
    52   000000                     _LATD	set	3980
    53                           
    54                           ; #config settings
    55                           
    56                           	psect	cinit
    57   001150                     __pcinit:
    58                           	callstack 0
    59   001150                     start_initialization:
    60                           	callstack 0
    61   001150                     __initialization:
    62                           	callstack 0
    63   001150                     end_of_initialization:
    64                           	callstack 0
    65   001150                     __end_of__initialization:
    66                           	callstack 0
    67   001150  0100               	movlb	0
    68   001152  EF01  F008         	goto	_main	;jump to C main() function
    69                           
    70                           	psect	cstackCOMRAM
    71   000001                     __pcstackCOMRAM:
    72                           	callstack 0
    73   000001                     ??_main:
    74                           
    75                           ; 1 bytes @ 0x0
    76   000001                     	ds	1
    77   000002                     main@i:
    78                           	callstack 0
    79                           
    80                           ; 2 bytes @ 0x1
    81   000002                     	ds	2
    82   000004                     main@i_41:
    83                           	callstack 0
    84                           
    85                           ; 2 bytes @ 0x3
    86   000004                     	ds	2
    87   000006                     main@i_42:
    88                           	callstack 0
    89                           
    90                           ; 2 bytes @ 0x5
    91   000006                     	ds	2
    92   000008                     main@i_43:
    93                           	callstack 0
    94                           
    95                           ; 2 bytes @ 0x7
    96   000008                     	ds	2
    97                           
    98 ;;
    99 ;;Main: autosize = 0, tempsize = 1, incstack = 0, save=0
   100 ;;
   101 ;; *************** function _main *****************
   102 ;; Defined at:
   103 ;;		line 22 in file "fake.c"
   104 ;; Parameters:    Size  Location     Type
   105 ;;		None
   106 ;; Auto vars:     Size  Location     Type
   107 ;;  i               2    7[COMRAM] int 
   108 ;;  i               2    5[COMRAM] int 
   109 ;;  i               2    3[COMRAM] int 
   110 ;;  i               2    1[COMRAM] int 
   111 ;; Return value:  Size  Location     Type
   112 ;;                  1    wreg      void 
   113 ;; Registers used:
   114 ;;		wreg, status,2, status,0
   115 ;; Tracked objects:
   116 ;;		On entry : 0/0
   117 ;;		On exit  : 0/0
   118 ;;		Unchanged: 0/0
   119 ;; Data sizes:     COMRAM   BANK0   BANK1   BANK2   BANK3   BANK4   BANK5   BANK6   BANK7   BANK8   BANK9  BANK10  BANK1
      +1  BANK12  BANK13  BANK14  BANK15
   120 ;;      Params:         0       0       0       0       0       0       0       0       0       0       0       0       
      +0       0       0       0       0
   121 ;;      Locals:         8       0       0       0       0       0       0       0       0       0       0       0       
      +0       0       0       0       0
   122 ;;      Temps:          1       0       0       0       0       0       0       0       0       0       0       0       
      +0       0       0       0       0
   123 ;;      Totals:         9       0       0       0       0       0       0       0       0       0       0       0       
      +0       0       0       0       0
   124 ;;Total ram usage:        9 bytes
   125 ;; This function calls:
   126 ;;		Nothing
   127 ;; This function is called by:
   128 ;;		Startup code after reset
   129 ;; This function uses a non-reentrant model
   130 ;;
   131                           
   132                           	psect	text0
   133   001002                     __ptext0:
   134                           	callstack 0
   135   001002                     _main:
   136                           	callstack 31
   137   001002                     
   138                           ;fake.c: 24: TRISA=0xF0;
   139   001002  0EF0               	movlw	240
   140   001004  6E92               	movwf	146,c	;volatile
   141                           
   142                           ;fake.c: 25: ANSELA=0x00;
   143   001006  0E00               	movlw	0
   144   001008  010F               	movlb	15	; () banked
   145   00100A  6F38               	movwf	56,b	;volatile
   146                           
   147                           ;fake.c: 27: TRISD=0x00;
   148   00100C  0E00               	movlw	0
   149   00100E  6E95               	movwf	149,c	;volatile
   150                           
   151                           ;fake.c: 28: ANSELD=0X00;
   152   001010  0E00               	movlw	0
   153   001012  6F3B               	movwf	59,b	;volatile
   154   001014                     l17:
   155                           
   156                           ;fake.c: 70: for(int i =0; i<150; i++){
   157   001014  0E00               	movlw	0
   158   001016  6E03               	movwf	(main@i+1)^0,c
   159   001018  0E00               	movlw	0
   160   00101A  6E02               	movwf	main@i^0,c
   161   00101C                     l782:
   162                           
   163                           ;fake.c: 71: LATD=0x02;
   164   00101C  0E02               	movlw	2
   165   00101E  6E8C               	movwf	140,c	;volatile
   166   001020                     
   167                           ;fake.c: 72: _delay((unsigned long)((700)*(8000000/4000000.0)));
   168   001020  0EC8               	movlw	200
   169   001022                     u57:
   170   001022  D000               	nop2	
   171   001024  D000               	nop2	
   172   001026  2EE8               	decfsz	wreg,f,c
   173   001028  D7FC               	bra	u57
   174   00102A                     
   175                           ;fake.c: 73: LATD=0x00;
   176   00102A  0E00               	movlw	0
   177   00102C  6E8C               	movwf	140,c	;volatile
   178                           
   179                           ;fake.c: 74: _delay((unsigned long)((19300)*(8000000/4000000.0)));
   180   00102E  0E33               	movlw	51
   181   001030  6E01               	movwf	??_main^0,c
   182   001032  0E20               	movlw	32
   183   001034                     u67:
   184   001034  2EE8               	decfsz	wreg,f,c
   185   001036  D7FE               	bra	u67
   186   001038  2E01               	decfsz	??_main^0,f,c
   187   00103A  D7FC               	bra	u67
   188   00103C  4A02               	infsnz	main@i^0,f,c
   189   00103E  2A03               	incf	(main@i+1)^0,f,c
   190   001040  BE03               	btfsc	(main@i+1)^0,7,c
   191   001042  EF2C  F008         	goto	u11
   192   001046  5003               	movf	(main@i+1)^0,w,c
   193   001048  E109               	bnz	u10
   194   00104A  0E96               	movlw	150
   195   00104C  5C02               	subwf	main@i^0,w,c
   196   00104E  A0D8               	btfss	status,0,c
   197   001050  EF2C  F008         	goto	u11
   198   001054  EF2E  F008         	goto	u10
   199   001058                     u11:
   200   001058  EF0E  F008         	goto	l782
   201   00105C                     u10:
   202   00105C                     
   203                           ;fake.c: 76: };fake.c: 79: for(int i =0; i<150; i++){
   204   00105C  0E00               	movlw	0
   205   00105E  6E05               	movwf	(main@i_41+1)^0,c
   206   001060  0E00               	movlw	0
   207   001062  6E04               	movwf	main@i_41^0,c
   208   001064                     l796:
   209                           
   210                           ;fake.c: 80: LATD=0x02;
   211   001064  0E02               	movlw	2
   212   001066  6E8C               	movwf	140,c	;volatile
   213   001068                     
   214                           ;fake.c: 81: _delay((unsigned long)((1326)*(8000000/4000000.0)));
   215   001068  0E04               	movlw	4
   216   00106A  6E01               	movwf	??_main^0,c
   217   00106C  0E70               	movlw	112
   218   00106E                     u77:
   219   00106E  2EE8               	decfsz	wreg,f,c
   220   001070  D7FE               	bra	u77
   221   001072  2E01               	decfsz	??_main^0,f,c
   222   001074  D7FC               	bra	u77
   223   001076  D000               	nop2	
   224   001078                     
   225                           ;fake.c: 82: LATD=0x00;
   226   001078  0E00               	movlw	0
   227   00107A  6E8C               	movwf	140,c	;volatile
   228                           
   229                           ;fake.c: 83: _delay((unsigned long)((18674)*(8000000/4000000.0)));
   230   00107C  0E31               	movlw	49
   231   00107E  6E01               	movwf	??_main^0,c
   232   001080  0E80               	movlw	128
   233   001082                     u87:
   234   001082  2EE8               	decfsz	wreg,f,c
   235   001084  D7FE               	bra	u87
   236   001086  2E01               	decfsz	??_main^0,f,c
   237   001088  D7FC               	bra	u87
   238   00108A  4A04               	infsnz	main@i_41^0,f,c
   239   00108C  2A05               	incf	(main@i_41+1)^0,f,c
   240   00108E  BE05               	btfsc	(main@i_41+1)^0,7,c
   241   001090  EF53  F008         	goto	u21
   242   001094  5005               	movf	(main@i_41+1)^0,w,c
   243   001096  E109               	bnz	u20
   244   001098  0E96               	movlw	150
   245   00109A  5C04               	subwf	main@i_41^0,w,c
   246   00109C  A0D8               	btfss	status,0,c
   247   00109E  EF53  F008         	goto	u21
   248   0010A2  EF55  F008         	goto	u20
   249   0010A6                     u21:
   250   0010A6  EF32  F008         	goto	l796
   251   0010AA                     u20:
   252   0010AA                     
   253                           ;fake.c: 85: };fake.c: 88: for(int i =0; i<150; i++){
   254   0010AA  0E00               	movlw	0
   255   0010AC  6E07               	movwf	(main@i_42+1)^0,c
   256   0010AE  0E00               	movlw	0
   257   0010B0  6E06               	movwf	main@i_42^0,c
   258   0010B2                     l810:
   259                           
   260                           ;fake.c: 89: LATD=0x02;
   261   0010B2  0E02               	movlw	2
   262   0010B4  6E8C               	movwf	140,c	;volatile
   263   0010B6                     
   264                           ;fake.c: 90: _delay((unsigned long)((1953)*(8000000/4000000.0)));
   265   0010B6  0E06               	movlw	6
   266   0010B8  6E01               	movwf	??_main^0,c
   267   0010BA  0E11               	movlw	17
   268   0010BC                     u97:
   269   0010BC  2EE8               	decfsz	wreg,f,c
   270   0010BE  D7FE               	bra	u97
   271   0010C0  2E01               	decfsz	??_main^0,f,c
   272   0010C2  D7FC               	bra	u97
   273   0010C4  0000               	nop	
   274   0010C6                     
   275                           ;fake.c: 91: LATD=0x00;
   276   0010C6  0E00               	movlw	0
   277   0010C8  6E8C               	movwf	140,c	;volatile
   278                           
   279                           ;fake.c: 92: _delay((unsigned long)((18047)*(8000000/4000000.0)));
   280   0010CA  0E2F               	movlw	47
   281   0010CC  6E01               	movwf	??_main^0,c
   282   0010CE  0EDF               	movlw	223
   283   0010D0                     u107:
   284   0010D0  2EE8               	decfsz	wreg,f,c
   285   0010D2  D7FE               	bra	u107
   286   0010D4  2E01               	decfsz	??_main^0,f,c
   287   0010D6  D7FC               	bra	u107
   288   0010D8  0000               	nop	
   289   0010DA  4A06               	infsnz	main@i_42^0,f,c
   290   0010DC  2A07               	incf	(main@i_42+1)^0,f,c
   291   0010DE  BE07               	btfsc	(main@i_42+1)^0,7,c
   292   0010E0  EF7B  F008         	goto	u31
   293   0010E4  5007               	movf	(main@i_42+1)^0,w,c
   294   0010E6  E109               	bnz	u30
   295   0010E8  0E96               	movlw	150
   296   0010EA  5C06               	subwf	main@i_42^0,w,c
   297   0010EC  A0D8               	btfss	status,0,c
   298   0010EE  EF7B  F008         	goto	u31
   299   0010F2  EF7D  F008         	goto	u30
   300   0010F6                     u31:
   301   0010F6  EF59  F008         	goto	l810
   302   0010FA                     u30:
   303   0010FA                     
   304                           ;fake.c: 94: };fake.c: 97: for(int i =0; i<150; i++){
   305   0010FA  0E00               	movlw	0
   306   0010FC  6E09               	movwf	(main@i_43+1)^0,c
   307   0010FE  0E00               	movlw	0
   308   001100  6E08               	movwf	main@i_43^0,c
   309   001102                     l824:
   310                           
   311                           ;fake.c: 98: LATD=0x02;
   312   001102  0E02               	movlw	2
   313   001104  6E8C               	movwf	140,c	;volatile
   314   001106                     
   315                           ;fake.c: 99: _delay((unsigned long)((2580)*(8000000/4000000.0)));
   316   001106  0E07               	movlw	7
   317   001108  6E01               	movwf	??_main^0,c
   318   00110A  0EB2               	movlw	178
   319   00110C                     u117:
   320   00110C  2EE8               	decfsz	wreg,f,c
   321   00110E  D7FE               	bra	u117
   322   001110  2E01               	decfsz	??_main^0,f,c
   323   001112  D7FC               	bra	u117
   324   001114  D000               	nop2	
   325   001116                     
   326                           ;fake.c: 100: LATD=0x00;
   327   001116  0E00               	movlw	0
   328   001118  6E8C               	movwf	140,c	;volatile
   329                           
   330                           ;fake.c: 101: _delay((unsigned long)((17420)*(8000000/4000000.0)));
   331   00111A  0E2E               	movlw	46
   332   00111C  6E01               	movwf	??_main^0,c
   333   00111E  0E3E               	movlw	62
   334   001120                     u127:
   335   001120  2EE8               	decfsz	wreg,f,c
   336   001122  D7FE               	bra	u127
   337   001124  2E01               	decfsz	??_main^0,f,c
   338   001126  D7FC               	bra	u127
   339   001128  4A08               	infsnz	main@i_43^0,f,c
   340   00112A  2A09               	incf	(main@i_43+1)^0,f,c
   341   00112C  BE09               	btfsc	(main@i_43+1)^0,7,c
   342   00112E  EFA2  F008         	goto	u41
   343   001132  5009               	movf	(main@i_43+1)^0,w,c
   344   001134  E109               	bnz	u40
   345   001136  0E96               	movlw	150
   346   001138  5C08               	subwf	main@i_43^0,w,c
   347   00113A  A0D8               	btfss	status,0,c
   348   00113C  EFA2  F008         	goto	u41
   349   001140  EFA4  F008         	goto	u40
   350   001144                     u41:
   351   001144  EF81  F008         	goto	l824
   352   001148                     u40:
   353   001148  EF0A  F008         	goto	l17
   354   00114C  EF00  F000         	goto	start
   355   001150                     __end_of_main:
   356                           	callstack 0
   357                           
   358                           	psect	smallconst
   359   001000                     __psmallconst:
   360                           	callstack 0
   361   001000  00                 	db	0
   362   001001  00                 	db	0	; dummy byte at the end
   363   000000                     
   364                           	psect	rparam
   365   000000                     
   366                           	psect	idloc
   367                           
   368                           ;Config register IDLOC0 @ 0x200000
   369                           ;	unspecified, using default values
   370   200000                     	org	2097152
   371   200000  FF                 	db	255
   372                           
   373                           ;Config register IDLOC1 @ 0x200001
   374                           ;	unspecified, using default values
   375   200001                     	org	2097153
   376   200001  FF                 	db	255
   377                           
   378                           ;Config register IDLOC2 @ 0x200002
   379                           ;	unspecified, using default values
   380   200002                     	org	2097154
   381   200002  FF                 	db	255
   382                           
   383                           ;Config register IDLOC3 @ 0x200003
   384                           ;	unspecified, using default values
   385   200003                     	org	2097155
   386   200003  FF                 	db	255
   387                           
   388                           ;Config register IDLOC4 @ 0x200004
   389                           ;	unspecified, using default values
   390   200004                     	org	2097156
   391   200004  FF                 	db	255
   392                           
   393                           ;Config register IDLOC5 @ 0x200005
   394                           ;	unspecified, using default values
   395   200005                     	org	2097157
   396   200005  FF                 	db	255
   397                           
   398                           ;Config register IDLOC6 @ 0x200006
   399                           ;	unspecified, using default values
   400   200006                     	org	2097158
   401   200006  FF                 	db	255
   402                           
   403                           ;Config register IDLOC7 @ 0x200007
   404                           ;	unspecified, using default values
   405   200007                     	org	2097159
   406   200007  FF                 	db	255
   407                           
   408                           	psect	config
   409                           
   410                           ; Padding undefined space
   411   300000                     	org	3145728
   412   300000  FF                 	db	255
   413                           
   414                           ;Config register CONFIG1H @ 0x300001
   415                           ;	Oscillator Selection bits
   416                           ;	FOSC = HSHP, HS oscillator (high power > 16 MHz)
   417                           ;	4X PLL Enable
   418                           ;	PLLCFG = 0x0, unprogrammed default
   419                           ;	Primary clock enable bit
   420                           ;	PRICLKEN = 0x1, unprogrammed default
   421                           ;	Fail-Safe Clock Monitor Enable bit
   422                           ;	FCMEN = 0x0, unprogrammed default
   423                           ;	Internal/External Oscillator Switchover bit
   424                           ;	IESO = 0x0, unprogrammed default
   425   300001                     	org	3145729
   426   300001  22                 	db	34
   427                           
   428                           ;Config register CONFIG2L @ 0x300002
   429                           ;	Power-up Timer Enable bit
   430                           ;	PWRTEN = ON, Power up timer enabled
   431                           ;	Brown-out Reset Enable bits
   432                           ;	BOREN = 0x3, unprogrammed default
   433                           ;	Brown Out Reset Voltage bits
   434                           ;	BORV = 0x3, unprogrammed default
   435   300002                     	org	3145730
   436   300002  1E                 	db	30
   437                           
   438                           ;Config register CONFIG2H @ 0x300003
   439                           ;	Watchdog Timer Enable bits
   440                           ;	WDTEN = OFF, Watch dog timer is always disabled. SWDTEN has no effect.
   441                           ;	Watchdog Timer Postscale Select bits
   442                           ;	WDTPS = 0xF, unprogrammed default
   443   300003                     	org	3145731
   444   300003  3C                 	db	60
   445                           
   446                           ; Padding undefined space
   447   300004                     	org	3145732
   448   300004  FF                 	db	255
   449                           
   450                           ;Config register CONFIG3H @ 0x300005
   451                           ;	CCP2 MUX bit
   452                           ;	CCP2MX = 0x1, unprogrammed default
   453                           ;	PORTB A/D Enable bit
   454                           ;	PBADEN = 0x1, unprogrammed default
   455                           ;	P3A/CCP3 Mux bit
   456                           ;	CCP3MX = 0x1, unprogrammed default
   457                           ;	HFINTOSC Fast Start-up
   458                           ;	HFOFST = 0x1, unprogrammed default
   459                           ;	Timer3 Clock input mux bit
   460                           ;	T3CMX = 0x1, unprogrammed default
   461                           ;	ECCP2 B output mux bit
   462                           ;	P2BMX = 0x1, unprogrammed default
   463                           ;	MCLR Pin Enable bit
   464                           ;	MCLRE = INTMCLR, RE3 input pin enabled; MCLR disabled
   465   300005                     	org	3145733
   466   300005  3F                 	db	63
   467                           
   468                           ;Config register CONFIG4L @ 0x300006
   469                           ;	unspecified, using default values
   470                           ;	Stack Full/Underflow Reset Enable bit
   471                           ;	STVREN = 0x1, unprogrammed default
   472                           ;	Single-Supply ICSP Enable bit
   473                           ;	LVP = 0x1, unprogrammed default
   474                           ;	Extended Instruction Set Enable bit
   475                           ;	XINST = 0x0, unprogrammed default
   476                           ;	Background Debug
   477                           ;	DEBUG = 0x1, unprogrammed default
   478   300006                     	org	3145734
   479   300006  85                 	db	133
   480                           
   481                           ; Padding undefined space
   482   300007                     	org	3145735
   483   300007  FF                 	db	255
   484                           
   485                           ;Config register CONFIG5L @ 0x300008
   486                           ;	unspecified, using default values
   487                           ;	Code Protection Block 0
   488                           ;	CP0 = 0x1, unprogrammed default
   489                           ;	Code Protection Block 1
   490                           ;	CP1 = 0x1, unprogrammed default
   491                           ;	Code Protection Block 2
   492                           ;	CP2 = 0x1, unprogrammed default
   493                           ;	Code Protection Block 3
   494                           ;	CP3 = 0x1, unprogrammed default
   495   300008                     	org	3145736
   496   300008  0F                 	db	15
   497                           
   498                           ;Config register CONFIG5H @ 0x300009
   499                           ;	unspecified, using default values
   500                           ;	Boot Block Code Protection bit
   501                           ;	CPB = 0x1, unprogrammed default
   502                           ;	Data EEPROM Code Protection bit
   503                           ;	CPD = 0x1, unprogrammed default
   504   300009                     	org	3145737
   505   300009  C0                 	db	192
   506                           
   507                           ;Config register CONFIG6L @ 0x30000A
   508                           ;	unspecified, using default values
   509                           ;	Write Protection Block 0
   510                           ;	WRT0 = 0x1, unprogrammed default
   511                           ;	Write Protection Block 1
   512                           ;	WRT1 = 0x1, unprogrammed default
   513                           ;	Write Protection Block 2
   514                           ;	WRT2 = 0x1, unprogrammed default
   515                           ;	Write Protection Block 3
   516                           ;	WRT3 = 0x1, unprogrammed default
   517   30000A                     	org	3145738
   518   30000A  0F                 	db	15
   519                           
   520                           ;Config register CONFIG6H @ 0x30000B
   521                           ;	unspecified, using default values
   522                           ;	Configuration Register Write Protection bit
   523                           ;	WRTC = 0x1, unprogrammed default
   524                           ;	Boot Block Write Protection bit
   525                           ;	WRTB = 0x1, unprogrammed default
   526                           ;	Data EEPROM Write Protection bit
   527                           ;	WRTD = 0x1, unprogrammed default
   528   30000B                     	org	3145739
   529   30000B  E0                 	db	224
   530                           
   531                           ;Config register CONFIG7L @ 0x30000C
   532                           ;	unspecified, using default values
   533                           ;	Table Read Protection Block 0
   534                           ;	EBTR0 = 0x1, unprogrammed default
   535                           ;	Table Read Protection Block 1
   536                           ;	EBTR1 = 0x1, unprogrammed default
   537                           ;	Table Read Protection Block 2
   538                           ;	EBTR2 = 0x1, unprogrammed default
   539                           ;	Table Read Protection Block 3
   540                           ;	EBTR3 = 0x1, unprogrammed default
   541   30000C                     	org	3145740
   542   30000C  0F                 	db	15
   543                           
   544                           ;Config register CONFIG7H @ 0x30000D
   545                           ;	unspecified, using default values
   546                           ;	Boot Block Table Read Protection bit
   547                           ;	EBTRB = 0x1, unprogrammed default
   548   30000D                     	org	3145741
   549   30000D  40                 	db	64
   550                           tosu	equ	0xFFF
   551                           tosh	equ	0xFFE
   552                           tosl	equ	0xFFD
   553                           stkptr	equ	0xFFC
   554                           pclatu	equ	0xFFB
   555                           pclath	equ	0xFFA
   556                           pcl	equ	0xFF9
   557                           tblptru	equ	0xFF8
   558                           tblptrh	equ	0xFF7
   559                           tblptrl	equ	0xFF6
   560                           tablat	equ	0xFF5
   561                           prodh	equ	0xFF4
   562                           prodl	equ	0xFF3
   563                           indf0	equ	0xFEF
   564                           postinc0	equ	0xFEE
   565                           postdec0	equ	0xFED
   566                           preinc0	equ	0xFEC
   567                           plusw0	equ	0xFEB
   568                           fsr0h	equ	0xFEA
   569                           fsr0l	equ	0xFE9
   570                           wreg	equ	0xFE8
   571                           indf1	equ	0xFE7
   572                           postinc1	equ	0xFE6
   573                           postdec1	equ	0xFE5
   574                           preinc1	equ	0xFE4
   575                           plusw1	equ	0xFE3
   576                           fsr1h	equ	0xFE2
   577                           fsr1l	equ	0xFE1
   578                           bsr	equ	0xFE0
   579                           indf2	equ	0xFDF
   580                           postinc2	equ	0xFDE
   581                           postdec2	equ	0xFDD
   582                           preinc2	equ	0xFDC
   583                           plusw2	equ	0xFDB
   584                           fsr2h	equ	0xFDA
   585                           fsr2l	equ	0xFD9
   586                           status	equ	0xFD8

Data Sizes:
    Strings     0
    Constant    0
    Data        0
    BSS         0
    Persistent  0
    Stack       0

Auto Spaces:
    Space          Size  Autos    Used
    COMRAM           95      9       9
    BANK0           160      0       0
    BANK1           256      0       0
    BANK2           256      0       0
    BANK3           256      0       0
    BANK4           256      0       0
    BANK5           256      0       0
    BANK6           256      0       0
    BANK7           256      0       0
    BANK8           256      0       0
    BANK9           256      0       0
    BANK10          256      0       0
    BANK11          256      0       0
    BANK12          256      0       0
    BANK13          256      0       0
    BANK14          256      0       0
    BANK15           56      0       0

Pointer List with Targets:

    None.

Critical Paths under _main in COMRAM

    None.

Critical Paths under _main in BANK0

    None.

Critical Paths under _main in BANK1

    None.

Critical Paths under _main in BANK2

    None.

Critical Paths under _main in BANK3

    None.

Critical Paths under _main in BANK4

    None.

Critical Paths under _main in BANK5

    None.

Critical Paths under _main in BANK6

    None.

Critical Paths under _main in BANK7

    None.

Critical Paths under _main in BANK8

    None.

Critical Paths under _main in BANK9

    None.

Critical Paths under _main in BANK10

    None.

Critical Paths under _main in BANK11

    None.

Critical Paths under _main in BANK12

    None.

Critical Paths under _main in BANK13

    None.

Critical Paths under _main in BANK14

    None.

Critical Paths under _main in BANK15

    None.

Call Graph Tables:

 ---------------------------------------------------------------------------------
 (Depth) Function   	        Calls       Base Space   Used Autos Params    Refs
 ---------------------------------------------------------------------------------
 (0) _main                                                 9     9      0     120
                                              0 COMRAM     9     9      0
 ---------------------------------------------------------------------------------
 Estimated maximum stack depth 0
 ---------------------------------------------------------------------------------

 Call Graph Graphs:

 _main (ROOT)

 Address spaces:
Name               Size   Autos  Total    Cost      Usage
BITCOMRAM           5F      0       0       0        0.0%
EEDATA             400      0       0       0        0.0%
NULL                 0      0       0       0        0.0%
CODE                 0      0       0       0        0.0%
COMRAM              5F      9       9       1        9.5%
STACK                0      0       0       2        0.0%
DATA                 0      0       0       3        0.0%
BITBANK0            A0      0       0       4        0.0%
BANK0               A0      0       0       5        0.0%
BITBANK1           100      0       0       6        0.0%
BANK1              100      0       0       7        0.0%
BITBANK2           100      0       0       8        0.0%
BANK2              100      0       0       9        0.0%
BITBANK3           100      0       0      10        0.0%
BANK3              100      0       0      11        0.0%
BITBANK4           100      0       0      12        0.0%
BANK4              100      0       0      13        0.0%
BITBANK5           100      0       0      14        0.0%
BANK5              100      0       0      15        0.0%
BITBANK6           100      0       0      16        0.0%
BANK6              100      0       0      17        0.0%
BITBANK7           100      0       0      18        0.0%
BANK7              100      0       0      19        0.0%
BITBANK8           100      0       0      20        0.0%
BANK8              100      0       0      21        0.0%
BITBANK9           100      0       0      22        0.0%
BANK9              100      0       0      23        0.0%
BITBANK10          100      0       0      24        0.0%
BANK10             100      0       0      25        0.0%
BITBANK11          100      0       0      26        0.0%
BANK11             100      0       0      27        0.0%
BITBANK12          100      0       0      28        0.0%
BANK12             100      0       0      29        0.0%
BITBANK13          100      0       0      30        0.0%
BANK13             100      0       0      31        0.0%
BITBANK14          100      0       0      32        0.0%
BANK14             100      0       0      33        0.0%
BITBANK15           38      0       0      34        0.0%
BANK15              38      0       0      35        0.0%
BITBIGSFRhh         6A      0       0      36        0.0%
BITBIGSFRhl          2      0       0      37        0.0%
BITBIGSFRlhh         5      0       0      38        0.0%
BITBIGSFRlhl        50      0       0      39        0.0%
BITBIGSFRll          2      0       0      40        0.0%
ABS                  0      0       0      41        0.0%
BIGRAM             F37      0       0      42        0.0%
BIGSFR               0      0       0     200        0.0%
BITSFR_1             0      0       0     200        0.0%
SFR_1                0      0       0     200        0.0%
BITSFR               0      0       0     200        0.0%
SFR                  0      0       0     200        0.0%


Microchip Technology PIC18 Macro Assembler V2.46 build 20240104201356 
Symbol Table                                                                                   Tue May 21 22:14:00 2024

                     l17 1014                       u10 105C                       u11 1058  
                     u20 10AA                       u21 10A6                       u30 10FA  
                     u31 10F6                       u40 1148                       u41 1144  
                     u57 1022                       u67 1034                       u77 106E  
                     u87 1082                       u97 10BC                      l800 1078  
                    l810 10B2                      l802 108A                      l812 10B6  
                    l804 10AA                      l830 1128                      l814 10C6  
                    l824 1102                      l816 10DA                      l826 1106  
                    l818 10FA                      l828 1116                      l790 105C  
                    l782 101C                      l784 1020                      l776 1002  
                    l786 102A                      l796 1064                      l788 103C  
                    l798 1068                      u107 10D0                      u117 110C  
                    u127 1120                      wreg 0FE8                     _LATD 0F8C  
                   _main 1002                     start 0000             ___param_bank 0000  
                  ?_main 0001                    _TRISA 0F92                    _TRISD 0F95  
                  main@i 0002                    status 0FD8          __initialization 1150  
           __end_of_main 1150                   ??_main 0001            __activetblptr 0000  
                 _ANSELA 0F38                   _ANSELD 0F3B                   isa$std 0001  
           __mediumconst 0000               __accesstop 0060  __end_of__initialization 1150  
          ___rparam_used 0001           __pcstackCOMRAM 0001                  __Hparam 0000  
                __Lparam 0000             __psmallconst 1000                  __pcinit 1150  
                __ramtop 1000                  __ptext0 1002     end_of_initialization 1150  
    start_initialization 1150              __smallconst 1000                 __Hrparam 0000  
               __Lrparam 0000                 isa$xinst 0000                 main@i_41 0004  
               main@i_42 0006                 main@i_43 0008  
